#
# There is insufficient memory for the Java Runtime Environment to continue.
# Native memory allocation (mmap) failed to map 65536 bytes for Failed to commit metaspace.
# Possible reasons:
#   The system is out of physical RAM or swap space
#   The process is running with CompressedOops enabled, and the Java Heap may be blocking the growth of the native heap
# Possible solutions:
#   Reduce memory load on the system
#   Increase physical memory or swap space
#   Check if swap backing store is full
#   Decrease Java heap size (-Xmx/-Xms)
#   Set larger code cache with -XX:ReservedCodeCacheSize=
#   JVM is running with Unscaled Compressed Oops mode in which the Java heap is
#     placed in the first 4GB address space. The Java Heap base address is the
#     maximum limit for the native heap growth. Please use -XX:HeapBaseMinAddress
#     to set the Java Heap base and to place the Java Heap above 4GB virtual address.
# This output file may be truncated or incomplete.
#
#  Out of Memory Error (virtualSpaceNode.cpp:110), pid=13604, tid=26332
#
# JRE version: OpenJDK Runtime Environment JBR-17.0.10+1-1087.17-jcef (17.0.10+1) (build 17.0.10+1-b1087.17)
# Java VM: OpenJDK 64-Bit Server VM JBR-17.0.10+1-1087.17-jcef (17.0.10+1-b1087.17, mixed mode, tiered, compressed oops, compressed class ptrs, g1 gc, windows-amd64)
# No core dump will be written. Minidumps are not enabled by default on client versions of Windows
#

---------------  S U M M A R Y ------------

Command Line: git4idea.http.GitAskPassApp Username for 'https://github.com': 

Host: 11th Gen Intel(R) Core(TM) i5-1135G7 @ 2.40GHz, 8 cores, 7G,  Windows 11 , 64 bit Build 22621 (10.0.22621.3527)
Time: Wed May  8 23:09:58 2024 ora legale Europa occidentale elapsed time: 0.636381 seconds (0d 0h 0m 0s)

---------------  T H R E A D  ---------------

Current thread (0x000001c4f2832e80):  JavaThread "HttpClient-1-Worker-0" daemon [_thread_in_vm, id=26332, stack(0x000000681c300000,0x000000681c400000)]

Stack: [0x000000681c300000,0x000000681c400000]
Native frames: (J=compiled Java code, j=interpreted, Vv=VM code, C=native code)
V  [jvm.dll+0x688ac9]
V  [jvm.dll+0x84220a]
V  [jvm.dll+0x843e4e]
V  [jvm.dll+0x8444b3]
V  [jvm.dll+0x24ba8f]
V  [jvm.dll+0x83d1eb]
V  [jvm.dll+0x62d0e6]
V  [jvm.dll+0x62d14a]
V  [jvm.dll+0x62f97a]
V  [jvm.dll+0x62da86]
V  [jvm.dll+0x373cb2]
V  [jvm.dll+0x1e664b]
V  [jvm.dll+0x54d9b5]
V  [jvm.dll+0x1f592b]
V  [jvm.dll+0x7ba9bb]
V  [jvm.dll+0x7bbe2c]
V  [jvm.dll+0x7bc178]
V  [jvm.dll+0x2434ee]
V  [jvm.dll+0x38990b]
C  0x000001c4de22f27a

The last pc belongs to ldc (printed below).
Java frames: (J=compiled Java code, j=interpreted, Vv=VM code)
j  java.security.cert.CertificateFactory.getInstance(Ljava/lang/String;)Ljava/security/cert/CertificateFactory;+9 java.base@17.0.10
j  sun.security.ssl.CertificateMessage$T13CertificateConsumer.checkServerCerts(Lsun/security/ssl/ClientHandshakeContext;Ljava/util/List;)[Ljava/security/cert/X509Certificate;+12 java.base@17.0.10
j  sun.security.ssl.CertificateMessage$T13CertificateConsumer.onConsumeCertificate(Lsun/security/ssl/ClientHandshakeContext;Lsun/security/ssl/CertificateMessage$T13CertificateMessage;)V+94 java.base@17.0.10
j  sun.security.ssl.CertificateMessage$T13CertificateConsumer.consume(Lsun/security/ssl/ConnectionContext;Ljava/nio/ByteBuffer;)V+78 java.base@17.0.10
j  sun.security.ssl.SSLHandshake.consume(Lsun/security/ssl/ConnectionContext;Ljava/nio/ByteBuffer;)V+13 java.base@17.0.10
j  sun.security.ssl.HandshakeContext.dispatch(BLjava/nio/ByteBuffer;)V+73 java.base@17.0.10
j  sun.security.ssl.SSLEngineImpl$DelegatedTask$DelegatedAction.run()Ljava/lang/Void;+60 java.base@17.0.10
j  sun.security.ssl.SSLEngineImpl$DelegatedTask$DelegatedAction.run()Ljava/lang/Object;+1 java.base@17.0.10
j  java.security.AccessController.executePrivileged(Ljava/security/PrivilegedExceptionAction;Ljava/security/AccessControlContext;Ljava/lang/Class;)Ljava/lang/Object;+29 java.base@17.0.10
j  java.security.AccessController.doPrivileged(Ljava/security/PrivilegedExceptionAction;Ljava/security/AccessControlContext;)Ljava/lang/Object;+13 java.base@17.0.10
j  sun.security.ssl.SSLEngineImpl$DelegatedTask.run()V+66 java.base@17.0.10
j  jdk.internal.net.http.common.SSLFlowDelegate$$Lambda$147+0x00000001001c24e0.accept(Ljava/lang/Object;)V+4 java.net.http@17.0.10
j  java.util.ArrayList.forEach(Ljava/util/function/Consumer;)V+46 java.base@17.0.10
j  jdk.internal.net.http.common.SSLFlowDelegate.lambda$executeTasks$3(Ljava/util/List;)V+43 java.net.http@17.0.10
j  jdk.internal.net.http.common.SSLFlowDelegate$$Lambda$146+0x00000001001c2298.run()V+8 java.net.http@17.0.10
j  jdk.internal.net.http.HttpClientImpl$DelegatingExecutor.execute(Ljava/lang/Runnable;)V+26 java.net.http@17.0.10
j  jdk.internal.net.http.common.SSLFlowDelegate.executeTasks(Ljava/util/List;)V+11 java.net.http@17.0.10
j  jdk.internal.net.http.common.SSLFlowDelegate.doHandshake(Ljdk/internal/net/http/common/SSLFlowDelegate$EngineResult;I)Z+154 java.net.http@17.0.10
j  jdk.internal.net.http.common.SSLFlowDelegate$Reader.processData()V+572 java.net.http@17.0.10
j  jdk.internal.net.http.common.SSLFlowDelegate$Reader$ReaderDownstreamPusher.run()V+4 java.net.http@17.0.10
j  jdk.internal.net.http.common.SequentialScheduler$LockingRestartableTask.run()V+34 java.net.http@17.0.10
j  jdk.internal.net.http.common.SequentialScheduler$CompleteRestartableTask.run(Ljdk/internal/net/http/common/SequentialScheduler$DeferredCompleter;)V+1 java.net.http@17.0.10
j  jdk.internal.net.http.common.SequentialScheduler$TryEndDeferredCompleter.complete()V+162 java.net.http@17.0.10
j  jdk.internal.net.http.common.SequentialScheduler$CompleteRestartableTask.run(Ljdk/internal/net/http/common/SequentialScheduler$DeferredCompleter;)V+5 java.net.http@17.0.10
j  jdk.internal.net.http.common.SequentialScheduler$SchedulableTask.run()V+14 java.net.http@17.0.10
j  java.util.concurrent.ThreadPoolExecutor.runWorker(Ljava/util/concurrent/ThreadPoolExecutor$Worker;)V+92 java.base@17.0.10
j  java.util.concurrent.ThreadPoolExecutor$Worker.run()V+5 java.base@17.0.10
j  java.lang.Thread.run()V+11 java.base@17.0.10
v  ~StubRoutines::call_stub
ldc  18 ldc  [0x000001c4de22f1c0, 0x000001c4de22f4a0]  736 bytes
[MachCode]
  0x000001c4de22f1c0: 4883 ec08 | c5fa 1104 | 24eb 1f48 | 83ec 10c5 | fb11 0424 | eb14 4883 | ec10 4889 | 0424 48c7 
  0x000001c4de22f1e0: 4424 0800 | 0000 00eb | 0150 410f | b65d 0148 | 8b4d e848 | 8b49 0848 | 8b49 0848 | 8b41 080f 
  0x000001c4de22f200: b654 1804 | 83fa 6474 | 0e83 fa67 | 7409 83fa | 070f 85bf | 0000 00ba | 0000 0000 | e805 0000 
  0x000001c4de22f220: 00e9 aa00 | 0000 488d | 4424 084c | 896d c049 | 8bcf c5f8 | 7749 89af | a802 0000 | 4989 8798 
  0x000001c4de22f240: 0200 0048 | 83ec 20f7 | c40f 0000 | 000f 841a | 0000 0048 | 83ec 0849 | ba00 9864 | 97f8 7f00 
  0x000001c4de22f260: 0041 ffd2 | 4883 c408 | e90d 0000 | 0049 ba00 | 9864 97f8 | 7f00 0041 | ffd2 4883 | c420 49c7 
  0x000001c4de22f280: 8798 0200 | 0000 0000 | 0049 c787 | a802 0000 | 0000 0000 | 49c7 87a0 | 0200 0000 | 0000 00c5 
  0x000001c4de22f2a0: f877 4981 | 7f08 0000 | 0000 0f84 | 0500 0000 | e94b 1cff | ff49 8b87 | f002 0000 | 49c7 87f0 
  0x000001c4de22f2c0: 0200 0000 | 0000 004c | 8b6d c04c | 8b75 c8c3 | 50e9 9701 | 0000 83fa | 0475 14c5 | fa10 44d9 
  0x000001c4de22f2e0: 4848 83ec | 08c5 fa11 | 0424 e97e | 0100 0083 | fa03 750a | 8b44 d948 | 50e9 6f01 | 0000 ba12 
  0x000001c4de22f300: 0000 00e8 | 0500 0000 | e9aa 0000 | 0048 8d44 | 2408 4c89 | 6dc0 498b | cfc5 f877 | 4989 afa8 
  0x000001c4de22f320: 0200 0049 | 8987 9802 | 0000 4883 | ec20 f7c4 | 0f00 0000 | 0f84 1a00 | 0000 4883 | ec08 49ba 
  0x000001c4de22f340: e0bc 6497 | f87f 0000 | 41ff d248 | 83c4 08e9 | 0d00 0000 | 49ba e0bc | 6497 f87f | 0000 41ff 
  0x000001c4de22f360: d248 83c4 | 2049 c787 | 9802 0000 | 0000 0000 | 49c7 87a8 | 0200 0000 | 0000 0049 | c787 a002 
  0x000001c4de22f380: 0000 0000 | 0000 c5f8 | 7749 817f | 0800 0000 | 000f 8405 | 0000 00e9 | 641b ffff | 498b 87f0 
  0x000001c4de22f3a0: 0200 0049 | c787 f002 | 0000 0000 | 0000 4c8b | 6dc0 4c8b | 75c8 c349 | 8b8f f802 | 0000 49c7 
  0x000001c4de22f3c0: 87f8 0200 | 0000 0000 | 008b d981 | e3ff ff00 | 00c1 e91c | 83e1 0f83 | f904 0f85 | 0900 0000 
  0x000001c4de22f3e0: 8b04 1850 | e984 0000 | 0083 f906 | 0f85 1300 | 0000 c5fa | 1004 1848 | 83ec 08c5 | fa11 0424 
  0x000001c4de22f400: e968 0000 | 0083 f903 | 0f85 0a00 | 0000 0fbf | 0418 50e9 | 5500 0000 | 83f9 000f | 850a 0000 
  0x000001c4de22f420: 000f be04 | 1850 e942 | 0000 0083 | f902 0f85 | 0a00 0000 | 0fb7 0418 | 50e9 2f00 | 0000 83f9 
  0x000001c4de22f440: 010f 850a | 0000 000f | be04 1850 | e91c 0000 | 0048 b940 | 54c9 97f8 | 7f00 0048 | 83e4 f049 
  0x000001c4de22f460: ba30 e187 | 97f8 7f00 | 0041 ffd2 | f441 0fb6 | 5d02 4983 | c502 49ba | 80ae e797 | f87f 0000 
  0x000001c4de22f480: 41ff 24da | 0f1f 4000 | 0000 0000 | 0000 0000 | 0000 0000 | 0000 0000 | 0000 0000 | 0000 0000 
[/MachCode]

---------------  P R O C E S S  ---------------

Threads class SMR info:
_java_thread_list=0x000001c4f288ecc0, length=17, elements={
0x000001c4d1dacae0, 0x000001c4f2049250, 0x000001c4f204de20, 0x000001c4f207a010,
0x000001c4f207a9e0, 0x000001c4f207f9d0, 0x000001c4f2080390, 0x000001c4f2081490,
0x000001c4f2081e90, 0x000001c4f20979f0, 0x000001c4f2209210, 0x000001c4f22149c0,
0x000001c4f25deb40, 0x000001c4f2832e80, 0x000001c4f2844950, 0x000001c4f2873ef0,
0x000001c4f2874410
}

Java Threads: ( => current thread )
  0x000001c4d1dacae0 JavaThread "main" [_thread_blocked, id=5320, stack(0x000000681ae00000,0x000000681af00000)]
  0x000001c4f2049250 JavaThread "Reference Handler" daemon [_thread_blocked, id=17684, stack(0x000000681b500000,0x000000681b600000)]
  0x000001c4f204de20 JavaThread "Finalizer" daemon [_thread_blocked, id=7056, stack(0x000000681b600000,0x000000681b700000)]
  0x000001c4f207a010 JavaThread "Signal Dispatcher" daemon [_thread_blocked, id=2720, stack(0x000000681b700000,0x000000681b800000)]
  0x000001c4f207a9e0 JavaThread "Attach Listener" daemon [_thread_blocked, id=25188, stack(0x000000681b800000,0x000000681b900000)]
  0x000001c4f207f9d0 JavaThread "Service Thread" daemon [_thread_blocked, id=19472, stack(0x000000681b900000,0x000000681ba00000)]
  0x000001c4f2080390 JavaThread "Monitor Deflation Thread" daemon [_thread_blocked, id=24876, stack(0x000000681ba00000,0x000000681bb00000)]
  0x000001c4f2081490 JavaThread "C2 CompilerThread0" daemon [_thread_blocked, id=24580, stack(0x000000681bb00000,0x000000681bc00000)]
  0x000001c4f2081e90 JavaThread "C1 CompilerThread0" daemon [_thread_blocked, id=23544, stack(0x000000681bc00000,0x000000681bd00000)]
  0x000001c4f20979f0 JavaThread "Sweeper thread" daemon [_thread_blocked, id=14876, stack(0x000000681bd00000,0x000000681be00000)]
  0x000001c4f2209210 JavaThread "Notification Thread" daemon [_thread_blocked, id=13808, stack(0x000000681be00000,0x000000681bf00000)]
  0x000001c4f22149c0 JavaThread "Common-Cleaner" daemon [_thread_blocked, id=24684, stack(0x000000681c000000,0x000000681c100000)]
  0x000001c4f25deb40 JavaThread "HttpClient-1-SelectorManager" daemon [_thread_in_native, id=15268, stack(0x000000681c100000,0x000000681c200000)]
=>0x000001c4f2832e80 JavaThread "HttpClient-1-Worker-0" daemon [_thread_in_vm, id=26332, stack(0x000000681c300000,0x000000681c400000)]
  0x000001c4f2844950 JavaThread "HttpClient-1-Worker-1" daemon [_thread_blocked, id=1224, stack(0x000000681c400000,0x000000681c500000)]
  0x000001c4f2873ef0 JavaThread "C2 CompilerThread1" daemon [_thread_blocked, id=11048, stack(0x000000681c500000,0x000000681c600000)]
  0x000001c4f2874410 JavaThread "C2 CompilerThread2" daemon [_thread_blocked, id=26044, stack(0x000000681c600000,0x000000681c700000)]

Other Threads:
  0x000001c4f2027040 VMThread "VM Thread" [stack: 0x000000681b400000,0x000000681b500000] [id=6836]
  0x000001c4f22096f0 WatcherThread [stack: 0x000000681bf00000,0x000000681c000000] [id=18436]
  0x000001c4d1e05fb0 GCTaskThread "GC Thread#0" [stack: 0x000000681af00000,0x000000681b000000] [id=22372]
  0x000001c4d1e16840 ConcurrentGCThread "G1 Main Marker" [stack: 0x000000681b000000,0x000000681b100000] [id=8912]
  0x000001c4d1e17a00 ConcurrentGCThread "G1 Conc#0" [stack: 0x000000681b100000,0x000000681b200000] [id=16692]
  0x000001c4d1e5e1f0 ConcurrentGCThread "G1 Refine#0" [stack: 0x000000681b200000,0x000000681b300000] [id=12824]
  0x000001c4d1e5ec20 ConcurrentGCThread "G1 Service" [stack: 0x000000681b300000,0x000000681b400000] [id=20592]

Threads with active compile tasks:

VM state: not at safepoint (normal execution)

VM Mutex/Monitor currently owned by a thread:  ([mutex/lock_event])
[0x000001c4d1d95740] Metaspace_lock - owner thread: 0x000001c4f2832e80

Heap address: 0x0000000083600000, size: 1994 MB, Compressed Oops mode: 32-bit

CDS archive(s) not mapped
Compressed class space mapped at: 0x0000000100000000-0x0000000140000000, reserved size: 1073741824
Narrow klass base: 0x0000000000000000, Narrow klass shift: 3, Narrow klass range: 0x140000000

GC Precious Log:
 CPUs: 8 total, 8 available
 Memory: 7975M
 Large Page Support: Disabled
 NUMA Support: Disabled
 Compressed Oops: Enabled (32-bit)
 Heap Region Size: 1M
 Heap Min Capacity: 8M
 Heap Initial Capacity: 126M
 Heap Max Capacity: 1994M
 Pre-touch: Disabled
 Parallel Workers: 8
 Concurrent Workers: 2
 Concurrent Refinement Workers: 8
 Periodic GC: Disabled

Heap:
 garbage-first heap   total 129024K, used 12288K [0x0000000083600000, 0x0000000100000000)
  region size 1024K, 13 young (13312K), 0 survivors (0K)
 Metaspace       used 15721K, committed 15936K, reserved 1114112K
  class space    used 1651K, committed 1728K, reserved 1048576K

Heap Regions: E=young(eden), S=young(survivor), O=old, HS=humongous(starts), HC=humongous(continues), CS=collection set, F=free, OA=open archive, CA=closed archive, TAMS=top-at-mark-start (previous, next)
|   0|0x0000000083600000, 0x0000000083600000, 0x0000000083700000|  0%| F|  |TAMS 0x0000000083600000, 0x0000000083600000| Untracked 
|   1|0x0000000083700000, 0x0000000083700000, 0x0000000083800000|  0%| F|  |TAMS 0x0000000083700000, 0x0000000083700000| Untracked 
|   2|0x0000000083800000, 0x0000000083800000, 0x0000000083900000|  0%| F|  |TAMS 0x0000000083800000, 0x0000000083800000| Untracked 
|   3|0x0000000083900000, 0x0000000083900000, 0x0000000083a00000|  0%| F|  |TAMS 0x0000000083900000, 0x0000000083900000| Untracked 
|   4|0x0000000083a00000, 0x0000000083a00000, 0x0000000083b00000|  0%| F|  |TAMS 0x0000000083a00000, 0x0000000083a00000| Untracked 
|   5|0x0000000083b00000, 0x0000000083b00000, 0x0000000083c00000|  0%| F|  |TAMS 0x0000000083b00000, 0x0000000083b00000| Untracked 
|   6|0x0000000083c00000, 0x0000000083c00000, 0x0000000083d00000|  0%| F|  |TAMS 0x0000000083c00000, 0x0000000083c00000| Untracked 
|   7|0x0000000083d00000, 0x0000000083d00000, 0x0000000083e00000|  0%| F|  |TAMS 0x0000000083d00000, 0x0000000083d00000| Untracked 
|   8|0x0000000083e00000, 0x0000000083e00000, 0x0000000083f00000|  0%| F|  |TAMS 0x0000000083e00000, 0x0000000083e00000| Untracked 
|   9|0x0000000083f00000, 0x0000000083f00000, 0x0000000084000000|  0%| F|  |TAMS 0x0000000083f00000, 0x0000000083f00000| Untracked 
|  10|0x0000000084000000, 0x0000000084000000, 0x0000000084100000|  0%| F|  |TAMS 0x0000000084000000, 0x0000000084000000| Untracked 
|  11|0x0000000084100000, 0x0000000084100000, 0x0000000084200000|  0%| F|  |TAMS 0x0000000084100000, 0x0000000084100000| Untracked 
|  12|0x0000000084200000, 0x0000000084200000, 0x0000000084300000|  0%| F|  |TAMS 0x0000000084200000, 0x0000000084200000| Untracked 
|  13|0x0000000084300000, 0x0000000084300000, 0x0000000084400000|  0%| F|  |TAMS 0x0000000084300000, 0x0000000084300000| Untracked 
|  14|0x0000000084400000, 0x0000000084400000, 0x0000000084500000|  0%| F|  |TAMS 0x0000000084400000, 0x0000000084400000| Untracked 
|  15|0x0000000084500000, 0x0000000084500000, 0x0000000084600000|  0%| F|  |TAMS 0x0000000084500000, 0x0000000084500000| Untracked 
|  16|0x0000000084600000, 0x0000000084600000, 0x0000000084700000|  0%| F|  |TAMS 0x0000000084600000, 0x0000000084600000| Untracked 
|  17|0x0000000084700000, 0x0000000084700000, 0x0000000084800000|  0%| F|  |TAMS 0x0000000084700000, 0x0000000084700000| Untracked 
|  18|0x0000000084800000, 0x0000000084800000, 0x0000000084900000|  0%| F|  |TAMS 0x0000000084800000, 0x0000000084800000| Untracked 
|  19|0x0000000084900000, 0x0000000084900000, 0x0000000084a00000|  0%| F|  |TAMS 0x0000000084900000, 0x0000000084900000| Untracked 
|  20|0x0000000084a00000, 0x0000000084a00000, 0x0000000084b00000|  0%| F|  |TAMS 0x0000000084a00000, 0x0000000084a00000| Untracked 
|  21|0x0000000084b00000, 0x0000000084b00000, 0x0000000084c00000|  0%| F|  |TAMS 0x0000000084b00000, 0x0000000084b00000| Untracked 
|  22|0x0000000084c00000, 0x0000000084c00000, 0x0000000084d00000|  0%| F|  |TAMS 0x0000000084c00000, 0x0000000084c00000| Untracked 
|  23|0x0000000084d00000, 0x0000000084d00000, 0x0000000084e00000|  0%| F|  |TAMS 0x0000000084d00000, 0x0000000084d00000| Untracked 
|  24|0x0000000084e00000, 0x0000000084e00000, 0x0000000084f00000|  0%| F|  |TAMS 0x0000000084e00000, 0x0000000084e00000| Untracked 
|  25|0x0000000084f00000, 0x0000000084f00000, 0x0000000085000000|  0%| F|  |TAMS 0x0000000084f00000, 0x0000000084f00000| Untracked 
|  26|0x0000000085000000, 0x0000000085000000, 0x0000000085100000|  0%| F|  |TAMS 0x0000000085000000, 0x0000000085000000| Untracked 
|  27|0x0000000085100000, 0x0000000085100000, 0x0000000085200000|  0%| F|  |TAMS 0x0000000085100000, 0x0000000085100000| Untracked 
|  28|0x0000000085200000, 0x0000000085200000, 0x0000000085300000|  0%| F|  |TAMS 0x0000000085200000, 0x0000000085200000| Untracked 
|  29|0x0000000085300000, 0x0000000085300000, 0x0000000085400000|  0%| F|  |TAMS 0x0000000085300000, 0x0000000085300000| Untracked 
|  30|0x0000000085400000, 0x0000000085400000, 0x0000000085500000|  0%| F|  |TAMS 0x0000000085400000, 0x0000000085400000| Untracked 
|  31|0x0000000085500000, 0x0000000085500000, 0x0000000085600000|  0%| F|  |TAMS 0x0000000085500000, 0x0000000085500000| Untracked 
|  32|0x0000000085600000, 0x0000000085600000, 0x0000000085700000|  0%| F|  |TAMS 0x0000000085600000, 0x0000000085600000| Untracked 
|  33|0x0000000085700000, 0x0000000085700000, 0x0000000085800000|  0%| F|  |TAMS 0x0000000085700000, 0x0000000085700000| Untracked 
|  34|0x0000000085800000, 0x0000000085800000, 0x0000000085900000|  0%| F|  |TAMS 0x0000000085800000, 0x0000000085800000| Untracked 
|  35|0x0000000085900000, 0x0000000085900000, 0x0000000085a00000|  0%| F|  |TAMS 0x0000000085900000, 0x0000000085900000| Untracked 
|  36|0x0000000085a00000, 0x0000000085a00000, 0x0000000085b00000|  0%| F|  |TAMS 0x0000000085a00000, 0x0000000085a00000| Untracked 
|  37|0x0000000085b00000, 0x0000000085b00000, 0x0000000085c00000|  0%| F|  |TAMS 0x0000000085b00000, 0x0000000085b00000| Untracked 
|  38|0x0000000085c00000, 0x0000000085c00000, 0x0000000085d00000|  0%| F|  |TAMS 0x0000000085c00000, 0x0000000085c00000| Untracked 
|  39|0x0000000085d00000, 0x0000000085d00000, 0x0000000085e00000|  0%| F|  |TAMS 0x0000000085d00000, 0x0000000085d00000| Untracked 
|  40|0x0000000085e00000, 0x0000000085e00000, 0x0000000085f00000|  0%| F|  |TAMS 0x0000000085e00000, 0x0000000085e00000| Untracked 
|  41|0x0000000085f00000, 0x0000000085f00000, 0x0000000086000000|  0%| F|  |TAMS 0x0000000085f00000, 0x0000000085f00000| Untracked 
|  42|0x0000000086000000, 0x0000000086000000, 0x0000000086100000|  0%| F|  |TAMS 0x0000000086000000, 0x0000000086000000| Untracked 
|  43|0x0000000086100000, 0x0000000086100000, 0x0000000086200000|  0%| F|  |TAMS 0x0000000086100000, 0x0000000086100000| Untracked 
|  44|0x0000000086200000, 0x0000000086200000, 0x0000000086300000|  0%| F|  |TAMS 0x0000000086200000, 0x0000000086200000| Untracked 
|  45|0x0000000086300000, 0x0000000086300000, 0x0000000086400000|  0%| F|  |TAMS 0x0000000086300000, 0x0000000086300000| Untracked 
|  46|0x0000000086400000, 0x0000000086400000, 0x0000000086500000|  0%| F|  |TAMS 0x0000000086400000, 0x0000000086400000| Untracked 
|  47|0x0000000086500000, 0x0000000086500000, 0x0000000086600000|  0%| F|  |TAMS 0x0000000086500000, 0x0000000086500000| Untracked 
|  48|0x0000000086600000, 0x0000000086600000, 0x0000000086700000|  0%| F|  |TAMS 0x0000000086600000, 0x0000000086600000| Untracked 
|  49|0x0000000086700000, 0x0000000086700000, 0x0000000086800000|  0%| F|  |TAMS 0x0000000086700000, 0x0000000086700000| Untracked 
|  50|0x0000000086800000, 0x0000000086800000, 0x0000000086900000|  0%| F|  |TAMS 0x0000000086800000, 0x0000000086800000| Untracked 
|  51|0x0000000086900000, 0x0000000086900000, 0x0000000086a00000|  0%| F|  |TAMS 0x0000000086900000, 0x0000000086900000| Untracked 
|  52|0x0000000086a00000, 0x0000000086a00000, 0x0000000086b00000|  0%| F|  |TAMS 0x0000000086a00000, 0x0000000086a00000| Untracked 
|  53|0x0000000086b00000, 0x0000000086b00000, 0x0000000086c00000|  0%| F|  |TAMS 0x0000000086b00000, 0x0000000086b00000| Untracked 
|  54|0x0000000086c00000, 0x0000000086c00000, 0x0000000086d00000|  0%| F|  |TAMS 0x0000000086c00000, 0x0000000086c00000| Untracked 
|  55|0x0000000086d00000, 0x0000000086d00000, 0x0000000086e00000|  0%| F|  |TAMS 0x0000000086d00000, 0x0000000086d00000| Untracked 
|  56|0x0000000086e00000, 0x0000000086e00000, 0x0000000086f00000|  0%| F|  |TAMS 0x0000000086e00000, 0x0000000086e00000| Untracked 
|  57|0x0000000086f00000, 0x0000000086f00000, 0x0000000087000000|  0%| F|  |TAMS 0x0000000086f00000, 0x0000000086f00000| Untracked 
|  58|0x0000000087000000, 0x0000000087000000, 0x0000000087100000|  0%| F|  |TAMS 0x0000000087000000, 0x0000000087000000| Untracked 
|  59|0x0000000087100000, 0x0000000087100000, 0x0000000087200000|  0%| F|  |TAMS 0x0000000087100000, 0x0000000087100000| Untracked 
|  60|0x0000000087200000, 0x0000000087200000, 0x0000000087300000|  0%| F|  |TAMS 0x0000000087200000, 0x0000000087200000| Untracked 
|  61|0x0000000087300000, 0x0000000087300000, 0x0000000087400000|  0%| F|  |TAMS 0x0000000087300000, 0x0000000087300000| Untracked 
|  62|0x0000000087400000, 0x0000000087400000, 0x0000000087500000|  0%| F|  |TAMS 0x0000000087400000, 0x0000000087400000| Untracked 
|  63|0x0000000087500000, 0x0000000087500000, 0x0000000087600000|  0%| F|  |TAMS 0x0000000087500000, 0x0000000087500000| Untracked 
|  64|0x0000000087600000, 0x0000000087600000, 0x0000000087700000|  0%| F|  |TAMS 0x0000000087600000, 0x0000000087600000| Untracked 
|  65|0x0000000087700000, 0x0000000087700000, 0x0000000087800000|  0%| F|  |TAMS 0x0000000087700000, 0x0000000087700000| Untracked 
|  66|0x0000000087800000, 0x0000000087800000, 0x0000000087900000|  0%| F|  |TAMS 0x0000000087800000, 0x0000000087800000| Untracked 
|  67|0x0000000087900000, 0x0000000087900000, 0x0000000087a00000|  0%| F|  |TAMS 0x0000000087900000, 0x0000000087900000| Untracked 
|  68|0x0000000087a00000, 0x0000000087a00000, 0x0000000087b00000|  0%| F|  |TAMS 0x0000000087a00000, 0x0000000087a00000| Untracked 
|  69|0x0000000087b00000, 0x0000000087b00000, 0x0000000087c00000|  0%| F|  |TAMS 0x0000000087b00000, 0x0000000087b00000| Untracked 
|  70|0x0000000087c00000, 0x0000000087c00000, 0x0000000087d00000|  0%| F|  |TAMS 0x0000000087c00000, 0x0000000087c00000| Untracked 
|  71|0x0000000087d00000, 0x0000000087d00000, 0x0000000087e00000|  0%| F|  |TAMS 0x0000000087d00000, 0x0000000087d00000| Untracked 
|  72|0x0000000087e00000, 0x0000000087e00000, 0x0000000087f00000|  0%| F|  |TAMS 0x0000000087e00000, 0x0000000087e00000| Untracked 
|  73|0x0000000087f00000, 0x0000000087f00000, 0x0000000088000000|  0%| F|  |TAMS 0x0000000087f00000, 0x0000000087f00000| Untracked 
|  74|0x0000000088000000, 0x0000000088000000, 0x0000000088100000|  0%| F|  |TAMS 0x0000000088000000, 0x0000000088000000| Untracked 
|  75|0x0000000088100000, 0x0000000088100000, 0x0000000088200000|  0%| F|  |TAMS 0x0000000088100000, 0x0000000088100000| Untracked 
|  76|0x0000000088200000, 0x0000000088200000, 0x0000000088300000|  0%| F|  |TAMS 0x0000000088200000, 0x0000000088200000| Untracked 
|  77|0x0000000088300000, 0x0000000088300000, 0x0000000088400000|  0%| F|  |TAMS 0x0000000088300000, 0x0000000088300000| Untracked 
|  78|0x0000000088400000, 0x0000000088400000, 0x0000000088500000|  0%| F|  |TAMS 0x0000000088400000, 0x0000000088400000| Untracked 
|  79|0x0000000088500000, 0x0000000088500000, 0x0000000088600000|  0%| F|  |TAMS 0x0000000088500000, 0x0000000088500000| Untracked 
|  80|0x0000000088600000, 0x0000000088600000, 0x0000000088700000|  0%| F|  |TAMS 0x0000000088600000, 0x0000000088600000| Untracked 
|  81|0x0000000088700000, 0x0000000088700000, 0x0000000088800000|  0%| F|  |TAMS 0x0000000088700000, 0x0000000088700000| Untracked 
|  82|0x0000000088800000, 0x0000000088800000, 0x0000000088900000|  0%| F|  |TAMS 0x0000000088800000, 0x0000000088800000| Untracked 
|  83|0x0000000088900000, 0x0000000088900000, 0x0000000088a00000|  0%| F|  |TAMS 0x0000000088900000, 0x0000000088900000| Untracked 
|  84|0x0000000088a00000, 0x0000000088a00000, 0x0000000088b00000|  0%| F|  |TAMS 0x0000000088a00000, 0x0000000088a00000| Untracked 
|  85|0x0000000088b00000, 0x0000000088b00000, 0x0000000088c00000|  0%| F|  |TAMS 0x0000000088b00000, 0x0000000088b00000| Untracked 
|  86|0x0000000088c00000, 0x0000000088c00000, 0x0000000088d00000|  0%| F|  |TAMS 0x0000000088c00000, 0x0000000088c00000| Untracked 
|  87|0x0000000088d00000, 0x0000000088d00000, 0x0000000088e00000|  0%| F|  |TAMS 0x0000000088d00000, 0x0000000088d00000| Untracked 
|  88|0x0000000088e00000, 0x0000000088e00000, 0x0000000088f00000|  0%| F|  |TAMS 0x0000000088e00000, 0x0000000088e00000| Untracked 
|  89|0x0000000088f00000, 0x0000000088f00000, 0x0000000089000000|  0%| F|  |TAMS 0x0000000088f00000, 0x0000000088f00000| Untracked 
|  90|0x0000000089000000, 0x0000000089000000, 0x0000000089100000|  0%| F|  |TAMS 0x0000000089000000, 0x0000000089000000| Untracked 
|  91|0x0000000089100000, 0x0000000089100000, 0x0000000089200000|  0%| F|  |TAMS 0x0000000089100000, 0x0000000089100000| Untracked 
|  92|0x0000000089200000, 0x0000000089200000, 0x0000000089300000|  0%| F|  |TAMS 0x0000000089200000, 0x0000000089200000| Untracked 
|  93|0x0000000089300000, 0x0000000089300000, 0x0000000089400000|  0%| F|  |TAMS 0x0000000089300000, 0x0000000089300000| Untracked 
|  94|0x0000000089400000, 0x0000000089400000, 0x0000000089500000|  0%| F|  |TAMS 0x0000000089400000, 0x0000000089400000| Untracked 
|  95|0x0000000089500000, 0x0000000089500000, 0x0000000089600000|  0%| F|  |TAMS 0x0000000089500000, 0x0000000089500000| Untracked 
|  96|0x0000000089600000, 0x0000000089600000, 0x0000000089700000|  0%| F|  |TAMS 0x0000000089600000, 0x0000000089600000| Untracked 
|  97|0x0000000089700000, 0x0000000089700000, 0x0000000089800000|  0%| F|  |TAMS 0x0000000089700000, 0x0000000089700000| Untracked 
|  98|0x0000000089800000, 0x0000000089800000, 0x0000000089900000|  0%| F|  |TAMS 0x0000000089800000, 0x0000000089800000| Untracked 
|  99|0x0000000089900000, 0x0000000089900000, 0x0000000089a00000|  0%| F|  |TAMS 0x0000000089900000, 0x0000000089900000| Untracked 
| 100|0x0000000089a00000, 0x0000000089a00000, 0x0000000089b00000|  0%| F|  |TAMS 0x0000000089a00000, 0x0000000089a00000| Untracked 
| 101|0x0000000089b00000, 0x0000000089b00000, 0x0000000089c00000|  0%| F|  |TAMS 0x0000000089b00000, 0x0000000089b00000| Untracked 
| 102|0x0000000089c00000, 0x0000000089c00000, 0x0000000089d00000|  0%| F|  |TAMS 0x0000000089c00000, 0x0000000089c00000| Untracked 
| 103|0x0000000089d00000, 0x0000000089d00000, 0x0000000089e00000|  0%| F|  |TAMS 0x0000000089d00000, 0x0000000089d00000| Untracked 
| 104|0x0000000089e00000, 0x0000000089e00000, 0x0000000089f00000|  0%| F|  |TAMS 0x0000000089e00000, 0x0000000089e00000| Untracked 
| 105|0x0000000089f00000, 0x0000000089f00000, 0x000000008a000000|  0%| F|  |TAMS 0x0000000089f00000, 0x0000000089f00000| Untracked 
| 106|0x000000008a000000, 0x000000008a000000, 0x000000008a100000|  0%| F|  |TAMS 0x000000008a000000, 0x000000008a000000| Untracked 
| 107|0x000000008a100000, 0x000000008a100000, 0x000000008a200000|  0%| F|  |TAMS 0x000000008a100000, 0x000000008a100000| Untracked 
| 108|0x000000008a200000, 0x000000008a200000, 0x000000008a300000|  0%| F|  |TAMS 0x000000008a200000, 0x000000008a200000| Untracked 
| 109|0x000000008a300000, 0x000000008a300000, 0x000000008a400000|  0%| F|  |TAMS 0x000000008a300000, 0x000000008a300000| Untracked 
| 110|0x000000008a400000, 0x000000008a400000, 0x000000008a500000|  0%| F|  |TAMS 0x000000008a400000, 0x000000008a400000| Untracked 
| 111|0x000000008a500000, 0x000000008a500000, 0x000000008a600000|  0%| F|  |TAMS 0x000000008a500000, 0x000000008a500000| Untracked 
| 112|0x000000008a600000, 0x000000008a600000, 0x000000008a700000|  0%| F|  |TAMS 0x000000008a600000, 0x000000008a600000| Untracked 
| 113|0x000000008a700000, 0x000000008a7eccb8, 0x000000008a800000| 92%| E|  |TAMS 0x000000008a700000, 0x000000008a700000| Complete 
| 114|0x000000008a800000, 0x000000008a900000, 0x000000008a900000|100%| E|CS|TAMS 0x000000008a800000, 0x000000008a800000| Complete 
| 115|0x000000008a900000, 0x000000008aa00000, 0x000000008aa00000|100%| E|CS|TAMS 0x000000008a900000, 0x000000008a900000| Complete 
| 116|0x000000008aa00000, 0x000000008ab00000, 0x000000008ab00000|100%| E|CS|TAMS 0x000000008aa00000, 0x000000008aa00000| Complete 
| 117|0x000000008ab00000, 0x000000008ac00000, 0x000000008ac00000|100%| E|CS|TAMS 0x000000008ab00000, 0x000000008ab00000| Complete 
| 118|0x000000008ac00000, 0x000000008ad00000, 0x000000008ad00000|100%| E|CS|TAMS 0x000000008ac00000, 0x000000008ac00000| Complete 
| 119|0x000000008ad00000, 0x000000008ae00000, 0x000000008ae00000|100%| E|CS|TAMS 0x000000008ad00000, 0x000000008ad00000| Complete 
| 120|0x000000008ae00000, 0x000000008af00000, 0x000000008af00000|100%| E|CS|TAMS 0x000000008ae00000, 0x000000008ae00000| Complete 
| 121|0x000000008af00000, 0x000000008b000000, 0x000000008b000000|100%| E|CS|TAMS 0x000000008af00000, 0x000000008af00000| Complete 
| 122|0x000000008b000000, 0x000000008b100000, 0x000000008b100000|100%| E|CS|TAMS 0x000000008b000000, 0x000000008b000000| Complete 
| 123|0x000000008b100000, 0x000000008b200000, 0x000000008b200000|100%| E|CS|TAMS 0x000000008b100000, 0x000000008b100000| Complete 
| 124|0x000000008b200000, 0x000000008b300000, 0x000000008b300000|100%| E|CS|TAMS 0x000000008b200000, 0x000000008b200000| Complete 
| 125|0x000000008b300000, 0x000000008b400000, 0x000000008b400000|100%| E|CS|TAMS 0x000000008b300000, 0x000000008b300000| Complete 

Card table byte_map: [0x000001c4e6b60000,0x000001c4e6f50000] _byte_map_base: 0x000001c4e6745000

Marking Bits (Prev, Next): (CMBitMap*) 0x000001c4d1e065d0, (CMBitMap*) 0x000001c4d1e06610
 Prev Bits: [0x000001c4e7340000, 0x000001c4e9268000)
 Next Bits: [0x000001c4e9270000, 0x000001c4eb198000)

Polling page: 0x000001c4d1e60000

Metaspace:

Usage:
  Non-class:     13.74 MB used.
      Class:      1.61 MB used.
       Both:     15.35 MB used.

Virtual space:
  Non-class space:       64.00 MB reserved,      13.88 MB ( 22%) committed,  1 nodes.
      Class space:        1.00 GB reserved,       1.69 MB ( <1%) committed,  1 nodes.
             Both:        1.06 GB reserved,      15.56 MB (  1%) committed. 

Chunk freelists:
   Non-Class:  2.00 MB
       Class:  14.23 MB
        Both:  16.23 MB

MaxMetaspaceSize: unlimited
CompressedClassSpaceSize: 1.00 GB
Initial GC threshold: 21.00 MB
Current GC threshold: 21.00 MB
CDS: off
MetaspaceReclaimPolicy: balanced
 - commit_granule_bytes: 65536.
 - commit_granule_words: 8192.
 - virtual_space_node_default_size: 8388608.
 - enlarge_chunks_in_place: 1.
 - new_chunks_are_fully_committed: 0.
 - uncommit_free_chunks: 1.
 - use_allocation_guard: 0.
 - handle_deallocations: 1.


Internal statistics:

num_allocs_failed_limit: 0.
num_arena_births: 124.
num_arena_deaths: 0.
num_vsnodes_births: 2.
num_vsnodes_deaths: 0.
num_space_committed: 249.
num_space_uncommitted: 0.
num_chunks_returned_to_freelist: 0.
num_chunks_taken_from_freelist: 255.
num_chunk_merges: 0.
num_chunk_splits: 149.
num_chunks_enlarged: 92.
num_inconsistent_stats: 0.

CodeHeap 'non-profiled nmethods': size=120000Kb used=301Kb max_used=301Kb free=119698Kb
 bounds [0x000001c4de7c0000, 0x000001c4dea30000, 0x000001c4e5cf0000]
CodeHeap 'profiled nmethods': size=120000Kb used=1609Kb max_used=1609Kb free=118390Kb
 bounds [0x000001c4d6cf0000, 0x000001c4d6f60000, 0x000001c4de220000]
CodeHeap 'non-nmethods': size=5760Kb used=1198Kb max_used=1224Kb free=4561Kb
 bounds [0x000001c4de220000, 0x000001c4de490000, 0x000001c4de7c0000]
 total_blobs=1487 nmethods=1006 adapters=394
 compilation: enabled
              stopped_count=0, restarted_count=0
 full_count=0

Compilation events (20 events):
Event: 0.625 Thread 0x000001c4f2081e90 nmethod 997 0x000001c4d6e7df90 code [0x000001c4d6e7e140, 0x000001c4d6e7e448]
Event: 0.625 Thread 0x000001c4f2081e90  998       3       sun.security.util.math.intpoly.IntegerPolynomial25519::carryReduce (391 bytes)
Event: 0.625 Thread 0x000001c4f2874410 nmethod 995 0x000001c4de809e90 code [0x000001c4de80a020, 0x000001c4de80a178]
Event: 0.625 Thread 0x000001c4f2081490 nmethod 994 0x000001c4de80a290 code [0x000001c4de80a420, 0x000001c4de80a578]
Event: 0.625 Thread 0x000001c4f2081e90 nmethod 998 0x000001c4d6e7e610 code [0x000001c4d6e7e7c0, 0x000001c4d6e7ec38]
Event: 0.625 Thread 0x000001c4f2081e90  991       3       java.math.MutableBigInteger::<init> (29 bytes)
Event: 0.625 Thread 0x000001c4f2081e90 nmethod 991 0x000001c4d6e7ee90 code [0x000001c4d6e7f040, 0x000001c4d6e7f2b8]
Event: 0.625 Thread 0x000001c4f2081e90  992       3       java.lang.invoke.Invokers$Holder::linkToTargetMethod (8 bytes)
Event: 0.625 Thread 0x000001c4f2873ef0 nmethod 999 0x000001c4de80a710 code [0x000001c4de80a8c0, 0x000001c4de80aa18]
Event: 0.625 Thread 0x000001c4f2081e90 nmethod 992 0x000001c4d6e7f390 code [0x000001c4d6e7f540, 0x000001c4d6e7f818]
Event: 0.628 Thread 0x000001c4f2081e90 1000       3       sun.security.provider.SHA2::implCompress0 (490 bytes)
Event: 0.628 Thread 0x000001c4f2081e90 nmethod 1000 0x000001c4d6e7f910 code [0x000001c4d6e7fb00, 0x000001c4d6e803a8]
Event: 0.628 Thread 0x000001c4f2081e90 1001       3       java.security.Provider::ensureLegacyParsed (123 bytes)
Event: 0.628 Thread 0x000001c4f2081e90 nmethod 1001 0x000001c4d6e80890 code [0x000001c4d6e80b20, 0x000001c4d6e81868]
Event: 0.629 Thread 0x000001c4f2081e90 1002       3       jdk.internal.reflect.ClassFileAssembler::emitByte (11 bytes)
Event: 0.629 Thread 0x000001c4f2081e90 nmethod 1002 0x000001c4d6e81b90 code [0x000001c4d6e81d40, 0x000001c4d6e81ec8]
Event: 0.629 Thread 0x000001c4f2081e90 1003       3       jdk.internal.reflect.ByteVectorImpl::add (38 bytes)
Event: 0.629 Thread 0x000001c4f2081e90 nmethod 1003 0x000001c4d6e82010 code [0x000001c4d6e821c0, 0x000001c4d6e82388]
Event: 0.631 Thread 0x000001c4f2081e90 1004       1       java.util.concurrent.locks.AbstractOwnableSynchronizer::setExclusiveOwnerThread (6 bytes)
Event: 0.631 Thread 0x000001c4f2081e90 nmethod 1004 0x000001c4de80ab90 code [0x000001c4de80ad20, 0x000001c4de80ae38]

GC Heap History (0 events):
No events

Dll operation events (1 events):
Event: 0.008 Loaded shared library C:\Program Files\JetBrains\IntelliJ IDEA 2023.3.4\jbr\bin\java.dll

Deoptimization events (20 events):
Event: 0.327 Thread 0x000001c4d1dacae0 Uncommon trap: trap_request=0xffffff45 fr.pc=0x000001c4de7decf4 relative=0x0000000000000074
Event: 0.327 Thread 0x000001c4d1dacae0 Uncommon trap: reason=unstable_if action=reinterpret pc=0x000001c4de7decf4 method=jdk.internal.misc.Unsafe.convEndian(ZI)I @ 4 c2
Event: 0.327 Thread 0x000001c4d1dacae0 DEOPT PACKING pc=0x000001c4de7decf4 sp=0x000000681aefe110
Event: 0.327 Thread 0x000001c4d1dacae0 DEOPT UNPACKING pc=0x000001c4de27a1a3 sp=0x000000681aefe040 mode 2
Event: 0.434 Thread 0x000001c4d1dacae0 Uncommon trap: trap_request=0xffffff45 fr.pc=0x000001c4de7de8b8 relative=0x0000000000000418
Event: 0.434 Thread 0x000001c4d1dacae0 Uncommon trap: reason=unstable_if action=reinterpret pc=0x000001c4de7de8b8 method=java.lang.StringLatin1.newString([BII)Ljava/lang/String; @ 1 c2
Event: 0.434 Thread 0x000001c4d1dacae0 DEOPT PACKING pc=0x000001c4de7de8b8 sp=0x000000681aefe900
Event: 0.434 Thread 0x000001c4d1dacae0 DEOPT UNPACKING pc=0x000001c4de27a1a3 sp=0x000000681aefe8c8 mode 2
Event: 0.437 Thread 0x000001c4d1dacae0 DEOPT PACKING pc=0x000001c4d6d06ce7 sp=0x000000681aefe9a0
Event: 0.437 Thread 0x000001c4d1dacae0 DEOPT UNPACKING pc=0x000001c4de27ace3 sp=0x000000681aefddc0 mode 0
Event: 0.472 Thread 0x000001c4d1dacae0 Uncommon trap: trap_request=0xffffff45 fr.pc=0x000001c4de7f0898 relative=0x0000000000000178
Event: 0.472 Thread 0x000001c4d1dacae0 Uncommon trap: reason=unstable_if action=reinterpret pc=0x000001c4de7f0898 method=java.lang.invoke.VarHandle.checkExactAccessMode(Ljava/lang/invoke/VarHandle$AccessDescriptor;)V @ 4 c2
Event: 0.472 Thread 0x000001c4d1dacae0 DEOPT PACKING pc=0x000001c4de7f0898 sp=0x000000681aeff0e0
Event: 0.472 Thread 0x000001c4d1dacae0 DEOPT UNPACKING pc=0x000001c4de27a1a3 sp=0x000000681aeff0c0 mode 2
Event: 0.484 Thread 0x000001c4d1dacae0 DEOPT PACKING pc=0x000001c4d6d06051 sp=0x000000681aefd2e0
Event: 0.484 Thread 0x000001c4d1dacae0 DEOPT UNPACKING pc=0x000001c4de27ace3 sp=0x000000681aefc758 mode 0
Event: 0.529 Thread 0x000001c4f25deb40 Uncommon trap: trap_request=0xffffff45 fr.pc=0x000001c4de7e001c relative=0x000000000000015c
Event: 0.529 Thread 0x000001c4f25deb40 Uncommon trap: reason=unstable_if action=reinterpret pc=0x000001c4de7e001c method=java.lang.invoke.VarHandle.checkExactAccessMode(Ljava/lang/invoke/VarHandle$AccessDescriptor;)V @ 4 c2
Event: 0.529 Thread 0x000001c4f25deb40 DEOPT PACKING pc=0x000001c4de7e001c sp=0x000000681c1ff160
Event: 0.529 Thread 0x000001c4f25deb40 DEOPT UNPACKING pc=0x000001c4de27a1a3 sp=0x000000681c1ff0a0 mode 2

Classes unloaded (0 events):
No events

Classes redefined (0 events):
No events

Internal exceptions (20 events):
Event: 0.244 Thread 0x000001c4d1dacae0 Exception <a 'java/lang/NoSuchMethodError'{0x000000008b026ce0}: 'int java.lang.invoke.DirectMethodHandle$Holder.invokeStaticInit(java.lang.Object, java.lang.Object)'> (0x000000008b026ce0) 
thrown [s\src\hotspot\share\interpreter\linkResolver.cpp, line 771]
Event: 0.274 Thread 0x000001c4d1dacae0 Exception <a 'java/lang/NoSuchMethodError'{0x000000008af0d9a0}: 'java.lang.Object java.lang.invoke.DirectMethodHandle$Holder.invokeStaticInit(java.lang.Object, int, int, int, int)'> (0x000000008af0d9a0) 
thrown [s\src\hotspot\share\interpreter\linkResolver.cpp, line 771]
Event: 0.325 Thread 0x000001c4d1dacae0 Exception <a 'java/lang/NoSuchMethodError'{0x000000008affae88}: 'java.lang.Object java.lang.invoke.DirectMethodHandle$Holder.invokeStaticInit(java.lang.Object, java.lang.Object, int, int, int, int)'> (0x000000008affae88) 
thrown [s\src\hotspot\share\interpreter\linkResolver.cpp, line 771]
Event: 0.334 Thread 0x000001c4d1dacae0 Exception <a 'java/lang/NoSuchMethodError'{0x000000008ae63f88}: 'java.lang.Object java.lang.invoke.DirectMethodHandle$Holder.invokeStatic(java.lang.Object, java.lang.Object, int)'> (0x000000008ae63f88) 
thrown [s\src\hotspot\share\interpreter\linkResolver.cpp, line 771]
Event: 0.334 Thread 0x000001c4d1dacae0 Exception <a 'java/lang/NoSuchMethodError'{0x000000008ae67700}: 'java.lang.Object java.lang.invoke.DirectMethodHandle$Holder.invokeStaticInit(java.lang.Object, java.lang.Object, int)'> (0x000000008ae67700) 
thrown [s\src\hotspot\share\interpreter\linkResolver.cpp, line 771]
Event: 0.335 Thread 0x000001c4d1dacae0 Exception <a 'java/lang/NoSuchMethodError'{0x000000008ae6dab0}: 'java.lang.Object java.lang.invoke.DirectMethodHandle$Holder.newInvokeSpecial(java.lang.Object, java.lang.Object, int)'> (0x000000008ae6dab0) 
thrown [s\src\hotspot\share\interpreter\linkResolver.cpp, line 771]
Event: 0.339 Thread 0x000001c4d1dacae0 Exception <a 'java/lang/NoSuchMethodError'{0x000000008ae7d4c0}: 'int java.lang.invoke.DirectMethodHandle$Holder.invokeStaticInit(java.lang.Object, java.lang.Object, java.lang.Object)'> (0x000000008ae7d4c0) 
thrown [s\src\hotspot\share\interpreter\linkResolver.cpp, line 771]
Event: 0.341 Thread 0x000001c4d1dacae0 Exception <a 'java/lang/NoSuchMethodError'{0x000000008ae8d6a0}: 'int java.lang.invoke.DirectMethodHandle$Holder.invokeSpecial(java.lang.Object, java.lang.Object, java.lang.Object)'> (0x000000008ae8d6a0) 
thrown [s\src\hotspot\share\interpreter\linkResolver.cpp, line 771]
Event: 0.342 Thread 0x000001c4d1dacae0 Exception <a 'java/lang/NoSuchMethodError'{0x000000008ae95a80}: 'int java.lang.invoke.DirectMethodHandle$Holder.invokeSpecialIFC(java.lang.Object, java.lang.Object, java.lang.Object)'> (0x000000008ae95a80) 
thrown [s\src\hotspot\share\interpreter\linkResolver.cpp, line 771]
Event: 0.369 Thread 0x000001c4d1dacae0 Exception <a 'java/lang/NoSuchMethodError'{0x000000008ad220e8}: 'java.lang.Object java.lang.invoke.DirectMethodHandle$Holder.invokeStaticInit(java.lang.Object)'> (0x000000008ad220e8) 
thrown [s\src\hotspot\share\interpreter\linkResolver.cpp, line 771]
Event: 0.454 Thread 0x000001c4d1dacae0 Exception <a 'java/lang/NoSuchMethodError'{0x000000008ab00e18}: 'java.lang.Object java.lang.invoke.DirectMethodHandle$Holder.newInvokeSpecial(java.lang.Object, java.lang.Object, java.lang.Object, java.lang.Object, java.lang.Object)'> (0x000000008ab00e18) 
thrown [s\src\hotspot\share\interpreter\linkResolver.cpp, line 771]
Event: 0.501 Thread 0x000001c4d1dacae0 Exception <a 'java/lang/NoSuchMethodError'{0x000000008aa8da68}: 'java.lang.Object java.lang.invoke.DirectMethodHandle$Holder.invokeSpecial(java.lang.Object, java.lang.Object, java.lang.Object, java.lang.Object, int)'> (0x000000008aa8da68) 
thrown [s\src\hotspot\share\interpreter\linkResolver.cpp, line 771]
Event: 0.502 Thread 0x000001c4d1dacae0 Exception <a 'java/lang/NoSuchMethodError'{0x000000008aa91630}: 'java.lang.Object java.lang.invoke.Invokers$Holder.linkToTargetMethod(java.lang.Object, java.lang.Object, int, java.lang.Object)'> (0x000000008aa91630) 
thrown [s\src\hotspot\share\interpreter\linkResolver.cpp, line 771]
Event: 0.513 Thread 0x000001c4d1dacae0 Exception <a 'java/lang/NoSuchMethodError'{0x000000008aaf2500}: 'void java.lang.invoke.DirectMethodHandle$Holder.invokeSpecial(java.lang.Object, java.lang.Object, java.lang.Object)'> (0x000000008aaf2500) 
thrown [s\src\hotspot\share\interpreter\linkResolver.cpp, line 771]
Event: 0.531 Thread 0x000001c4f25deb40 Exception <a 'java/lang/NoSuchMethodError'{0x000000008ac9cd38}: 'void java.lang.invoke.DirectMethodHandle$Holder.invokeStatic(java.lang.Object, java.lang.Object, int)'> (0x000000008ac9cd38) 
thrown [s\src\hotspot\share\interpreter\linkResolver.cpp, line 771]
Event: 0.538 Thread 0x000001c4d1dacae0 Exception <a 'java/lang/NoSuchMethodError'{0x000000008a976c58}: 'void java.lang.invoke.DirectMethodHandle$Holder.invokeSpecial(java.lang.Object, java.lang.Object, java.lang.Object, java.lang.Object, java.lang.Object)'> (0x000000008a976c58) 
thrown [s\src\hotspot\share\interpreter\linkResolver.cpp, line 771]
Event: 0.545 Thread 0x000001c4f2832e80 Exception <a 'java/lang/NoSuchMethodError'{0x000000008a819ac8}: 'void java.lang.invoke.DirectMethodHandle$Holder.invokeInterface(java.lang.Object, java.lang.Object, java.lang.Object)'> (0x000000008a819ac8) 
thrown [s\src\hotspot\share\interpreter\linkResolver.cpp, line 771]
Event: 0.548 Thread 0x000001c4f2832e80 Exception <a 'java/lang/NoSuchMethodError'{0x000000008a82ffb0}: 'int java.lang.invoke.DirectMethodHandle$Holder.invokeStaticInit(java.lang.Object, int, int)'> (0x000000008a82ffb0) 
thrown [s\src\hotspot\share\interpreter\linkResolver.cpp, line 771]
Event: 0.554 Thread 0x000001c4f2832e80 Exception <a 'java/lang/NoSuchMethodError'{0x000000008a872728}: 'void java.lang.invoke.DirectMethodHandle$Holder.invokeVirtual(java.lang.Object, java.lang.Object)'> (0x000000008a872728) 
thrown [s\src\hotspot\share\interpreter\linkResolver.cpp, line 771]
Event: 0.618 Thread 0x000001c4f2832e80 Exception <a 'java/lang/NoSuchMethodError'{0x000000008a75d168}: 'void java.lang.invoke.DirectMethodHandle$Holder.invokeInterface(java.lang.Object, java.lang.Object)'> (0x000000008a75d168) 
thrown [s\src\hotspot\share\interpreter\linkResolver.cpp, line 771]

VM Operations (8 events):
Event: 0.116 Executing VM operation: HandshakeAllThreads
Event: 0.116 Executing VM operation: HandshakeAllThreads done
Event: 0.131 Executing VM operation: HandshakeAllThreads
Event: 0.131 Executing VM operation: HandshakeAllThreads done
Event: 0.284 Executing VM operation: HandshakeAllThreads
Event: 0.284 Executing VM operation: HandshakeAllThreads done
Event: 0.372 Executing VM operation: HandshakeAllThreads
Event: 0.372 Executing VM operation: HandshakeAllThreads done

Events (20 events):
Event: 0.632 loading class com/sun/crypto/provider/GCM
Event: 0.632 loading class com/sun/crypto/provider/GCM done
Event: 0.632 loading class com/sun/crypto/provider/CounterMode
Event: 0.632 loading class com/sun/crypto/provider/CounterMode done
Event: 0.632 loading class com/sun/crypto/provider/GCTR done
Event: 0.632 loading class com/sun/crypto/provider/GHASH
Event: 0.632 loading class com/sun/crypto/provider/GHASH done
Event: 0.634 loading class sun/security/ssl/EncryptedExtensions$EncryptedExtensionsMessage
Event: 0.634 loading class sun/security/ssl/EncryptedExtensions$EncryptedExtensionsMessage done
Event: 0.634 loading class sun/security/ssl/CertificateMessage$T13CertificateMessage
Event: 0.634 loading class sun/security/ssl/CertificateMessage$T13CertificateMessage done
Event: 0.634 loading class sun/security/ssl/CertificateMessage$CertificateEntry
Event: 0.634 loading class sun/security/ssl/CertificateMessage$CertificateEntry done
Event: 0.634 loading class java/security/cert/X509Certificate
Event: 0.634 loading class java/security/cert/X509Extension
Event: 0.634 loading class java/security/cert/X509Extension done
Event: 0.634 loading class java/security/cert/X509Certificate done
Event: 0.634 loading class java/security/cert/CertificateFactory
Event: 0.634 loading class java/security/cert/CertificateFactory done
Event: 0.634 loading class java/security/cert/CertificateFactorySpi


Dynamic libraries:
0x00007ff637af0000 - 0x00007ff637afa000 	C:\Program Files\JetBrains\IntelliJ IDEA 2023.3.4\jbr\bin\java.exe
0x00007ff947bf0000 - 0x00007ff947e07000 	C:\WINDOWS\SYSTEM32\ntdll.dll
0x00007ff947840000 - 0x00007ff947904000 	C:\WINDOWS\System32\KERNEL32.DLL
0x00007ff9453d0000 - 0x00007ff945777000 	C:\WINDOWS\System32\KERNELBASE.dll
0x00007ff9452b0000 - 0x00007ff9453c1000 	C:\WINDOWS\System32\ucrtbase.dll
0x00007ff92a580000 - 0x00007ff92a59b000 	C:\Program Files\JetBrains\IntelliJ IDEA 2023.3.4\jbr\bin\VCRUNTIME140.dll
0x00007ff9286d0000 - 0x00007ff9286e7000 	C:\Program Files\JetBrains\IntelliJ IDEA 2023.3.4\jbr\bin\jli.dll
0x00007ff9475f0000 - 0x00007ff94779e000 	C:\WINDOWS\System32\USER32.dll
0x00007ff9458f0000 - 0x00007ff945916000 	C:\WINDOWS\System32\win32u.dll
0x00007ff932280000 - 0x00007ff932513000 	C:\WINDOWS\WinSxS\amd64_microsoft.windows.common-controls_6595b64144ccf1df_6.0.22621.3527_none_270e469b73872a76\COMCTL32.dll
0x00007ff9466b0000 - 0x00007ff9466d9000 	C:\WINDOWS\System32\GDI32.dll
0x00007ff945080000 - 0x00007ff945199000 	C:\WINDOWS\System32\gdi32full.dll
0x00007ff947a40000 - 0x00007ff947ae7000 	C:\WINDOWS\System32\msvcrt.dll
0x00007ff9451a0000 - 0x00007ff94523a000 	C:\WINDOWS\System32\msvcp_win.dll
0x00007ff946c50000 - 0x00007ff946c81000 	C:\WINDOWS\System32\IMM32.DLL
0x00007ff92a800000 - 0x00007ff92a80c000 	C:\Program Files\JetBrains\IntelliJ IDEA 2023.3.4\jbr\bin\vcruntime140_1.dll
0x00007ff8f2540000 - 0x00007ff8f25cd000 	C:\Program Files\JetBrains\IntelliJ IDEA 2023.3.4\jbr\bin\msvcp140.dll
0x00007ff8972c0000 - 0x00007ff897f43000 	C:\Program Files\JetBrains\IntelliJ IDEA 2023.3.4\jbr\bin\server\jvm.dll
0x00007ff945fb0000 - 0x00007ff946062000 	C:\WINDOWS\System32\ADVAPI32.dll
0x00007ff945ee0000 - 0x00007ff945f88000 	C:\WINDOWS\System32\sechost.dll
0x00007ff9458c0000 - 0x00007ff9458e8000 	C:\WINDOWS\System32\bcrypt.dll
0x00007ff946790000 - 0x00007ff9468a5000 	C:\WINDOWS\System32\RPCRT4.dll
0x00007ff9446e0000 - 0x00007ff94472d000 	C:\WINDOWS\SYSTEM32\POWRPROF.dll
0x00007ff906ab0000 - 0x00007ff906ab9000 	C:\WINDOWS\SYSTEM32\WSOCK32.dll
0x00007ff93c120000 - 0x00007ff93c154000 	C:\WINDOWS\SYSTEM32\WINMM.dll
0x00007ff946710000 - 0x00007ff946781000 	C:\WINDOWS\System32\WS2_32.dll
0x00007ff935840000 - 0x00007ff93584a000 	C:\WINDOWS\SYSTEM32\VERSION.dll
0x00007ff9446b0000 - 0x00007ff9446c3000 	C:\WINDOWS\SYSTEM32\UMPDC.dll
0x00007ff943ef0000 - 0x00007ff943f08000 	C:\WINDOWS\SYSTEM32\kernel.appcore.dll
0x00007ff93c0f0000 - 0x00007ff93c0fa000 	C:\Program Files\JetBrains\IntelliJ IDEA 2023.3.4\jbr\bin\jimage.dll
0x00007ff942010000 - 0x00007ff942243000 	C:\WINDOWS\SYSTEM32\DBGHELP.DLL
0x00007ff9468c0000 - 0x00007ff946c48000 	C:\WINDOWS\System32\combase.dll
0x00007ff947910000 - 0x00007ff9479e7000 	C:\WINDOWS\System32\OLEAUT32.dll
0x00007ff93c160000 - 0x00007ff93c192000 	C:\WINDOWS\SYSTEM32\dbgcore.DLL
0x00007ff945840000 - 0x00007ff9458b9000 	C:\WINDOWS\System32\bcryptPrimitives.dll
0x00007ff92ab90000 - 0x00007ff92abb5000 	C:\Program Files\JetBrains\IntelliJ IDEA 2023.3.4\jbr\bin\java.dll
0x00007ff93c0d0000 - 0x00007ff93c0e8000 	C:\Program Files\JetBrains\IntelliJ IDEA 2023.3.4\jbr\bin\zip.dll
0x00007ff946c90000 - 0x00007ff9474ec000 	C:\WINDOWS\System32\SHELL32.dll
0x00007ff942e00000 - 0x00007ff9436f6000 	C:\WINDOWS\SYSTEM32\windows.storage.dll
0x00007ff942cc0000 - 0x00007ff942dfe000 	C:\WINDOWS\SYSTEM32\wintypes.dll
0x00007ff9474f0000 - 0x00007ff9475e5000 	C:\WINDOWS\System32\SHCORE.dll
0x00007ff9464f0000 - 0x00007ff94654e000 	C:\WINDOWS\System32\shlwapi.dll
0x00007ff944e40000 - 0x00007ff944e61000 	C:\WINDOWS\SYSTEM32\profapi.dll
0x00007ff93c0a0000 - 0x00007ff93c0b9000 	C:\Program Files\JetBrains\IntelliJ IDEA 2023.3.4\jbr\bin\net.dll
0x00007ff939ab0000 - 0x00007ff939be6000 	C:\WINDOWS\SYSTEM32\WINHTTP.dll
0x00007ff944360000 - 0x00007ff9443c9000 	C:\WINDOWS\system32\mswsock.dll
0x00007ff92ddb0000 - 0x00007ff92ddc6000 	C:\Program Files\JetBrains\IntelliJ IDEA 2023.3.4\jbr\bin\nio.dll
0x00007ff92b8c0000 - 0x00007ff92b8ce000 	C:\Program Files\JetBrains\IntelliJ IDEA 2023.3.4\jbr\bin\sunmscapi.dll
0x00007ff944f10000 - 0x00007ff945077000 	C:\WINDOWS\System32\CRYPT32.dll
0x00007ff9448b0000 - 0x00007ff9448de000 	C:\WINDOWS\SYSTEM32\ncrypt.dll
0x00007ff944870000 - 0x00007ff9448a7000 	C:\WINDOWS\SYSTEM32\NTASN1.dll
0x00007ff944660000 - 0x00007ff94467b000 	C:\WINDOWS\SYSTEM32\CRYPTSP.dll
0x00007ff943e50000 - 0x00007ff943e85000 	C:\WINDOWS\system32\rsaenh.dll
0x00007ff944470000 - 0x00007ff944498000 	C:\WINDOWS\SYSTEM32\USERENV.dll
0x00007ff9445d0000 - 0x00007ff9445dc000 	C:\WINDOWS\SYSTEM32\CRYPTBASE.dll
0x00007ff943960000 - 0x00007ff94398d000 	C:\WINDOWS\SYSTEM32\IPHLPAPI.DLL
0x00007ff946700000 - 0x00007ff946709000 	C:\WINDOWS\System32\NSI.dll
0x00007ff939740000 - 0x00007ff939759000 	C:\WINDOWS\SYSTEM32\dhcpcsvc6.DLL
0x00007ff938f30000 - 0x00007ff938f4f000 	C:\WINDOWS\SYSTEM32\dhcpcsvc.DLL
0x00007ff9439d0000 - 0x00007ff943ac9000 	C:\WINDOWS\SYSTEM32\DNSAPI.dll
0x00007ff93a6f0000 - 0x00007ff93a6f8000 	C:\WINDOWS\system32\wshunix.dll
0x00007ff92ad80000 - 0x00007ff92ad89000 	C:\Program Files\JetBrains\IntelliJ IDEA 2023.3.4\jbr\bin\extnet.dll

dbghelp: loaded successfully - version: 4.0.5 - missing functions: none
symbol engine: initialized successfully - sym options: 0x614 - pdb path: .;C:\Program Files\JetBrains\IntelliJ IDEA 2023.3.4\jbr\bin;C:\WINDOWS\SYSTEM32;C:\WINDOWS\WinSxS\amd64_microsoft.windows.common-controls_6595b64144ccf1df_6.0.22621.3527_none_270e469b73872a76;C:\Program Files\JetBrains\IntelliJ IDEA 2023.3.4\jbr\bin\server

VM Arguments:
java_command: git4idea.http.GitAskPassApp Username for 'https://github.com': 
java_class_path (initial): C:/Program Files/JetBrains/IntelliJ IDEA 2023.3.4/plugins/vcs-git/lib/git4idea-rt.jar;C:/Program Files/JetBrains/IntelliJ IDEA 2023.3.4/lib/externalProcess-rt.jar
Launcher Type: SUN_STANDARD

[Global flags]
     intx CICompilerCount                          = 4                                         {product} {ergonomic}
     uint ConcGCThreads                            = 2                                         {product} {ergonomic}
     uint G1ConcRefinementThreads                  = 8                                         {product} {ergonomic}
   size_t G1HeapRegionSize                         = 1048576                                   {product} {ergonomic}
    uintx GCDrainStackTargetSize                   = 64                                        {product} {ergonomic}
   size_t InitialHeapSize                          = 132120576                                 {product} {ergonomic}
   size_t MarkStackSize                            = 4194304                                   {product} {ergonomic}
   size_t MaxHeapSize                              = 2090860544                                {product} {ergonomic}
   size_t MaxNewSize                               = 1254096896                                {product} {ergonomic}
   size_t MinHeapDeltaBytes                        = 1048576                                   {product} {ergonomic}
   size_t MinHeapSize                              = 8388608                                   {product} {ergonomic}
    uintx NonNMethodCodeHeapSize                   = 5839372                                {pd product} {ergonomic}
    uintx NonProfiledCodeHeapSize                  = 122909434                              {pd product} {ergonomic}
    uintx ProfiledCodeHeapSize                     = 122909434                              {pd product} {ergonomic}
    uintx ReservedCodeCacheSize                    = 251658240                              {pd product} {ergonomic}
     bool SegmentedCodeCache                       = true                                      {product} {ergonomic}
   size_t SoftMaxHeapSize                          = 2090860544                             {manageable} {ergonomic}
     bool UseCompressedClassPointers               = true                           {product lp64_product} {ergonomic}
     bool UseCompressedOops                        = true                           {product lp64_product} {ergonomic}
     bool UseG1GC                                  = true                                      {product} {ergonomic}
     bool UseLargePagesIndividualAllocation        = false                                  {pd product} {ergonomic}

Logging:
Log output configuration:
 #0: stdout all=warning uptime,level,tags
 #1: stderr all=off uptime,level,tags

Environment Variables:
PATH=C:\Program Files\Git\mingw64\libexec\git-core;C:\Program Files\Git\mingw64\libexec\git-core;C:\Program Files\Git\mingw64\bin;C:\Program Files\Git\usr\bin;C:\Users\user\bin;C:\Program Files (x86)\Common Files\Oracle\Java\javapath;C:\WINDOWS\system32;C:\WINDOWS;C:\WINDOWS\System32\Wbem;C:\WINDOWS\System32\WindowsPowerShell\v1.0;C:\WINDOWS\System32\OpenSSH;C:\Program Files\Git\cmd;C:\Users\user\AppData\Local\Programs\Python\Python310\Scripts;C:\Users\user\AppData\Local\Programs\Python\Python310;C:\Users\user\AppData\Local\Microsoft\WindowsApps;C:\Users\user\AppData\Local\Programs\Microsoft VS Code\bin;C:\Program Files\JetBrains\IntelliJ IDEA 2023.3.4\bin;C:\Users\user\Documents\FlutterDev\flutter\bin
USERNAME=user
DISPLAY=:0.0
LC_ALL=en_US.UTF-8
TERM=xterm-256color
TMPDIR=C:\Users\user\AppData\Local\Temp
OS=Windows_NT
PROCESSOR_IDENTIFIER=Intel64 Family 6 Model 140 Stepping 1, GenuineIntel
TMP=C:\Users\user\AppData\Local\Temp
TEMP=C:\Users\user\AppData\Local\Temp



Periodic native trim disabled

JNI global refs:
JNI global refs: 19, weak refs: 0

JNI global refs memory usage: 843, weak refs: 841

OOME stack traces (most recent first):
Classloader memory used:
Loader bootstrap                                                                       : 1779K
Loader jdk.internal.loader.ClassLoaders$PlatformClassLoader                            : 183K
Loader jdk.internal.loader.ClassLoaders$AppClassLoader                                 : 1808B
Loader jdk.internal.reflect.DelegatingClassLoader                                      : 432B


---------------  S Y S T E M  ---------------

OS:
 Windows 11 , 64 bit Build 22621 (10.0.22621.3527)
OS uptime: 7 days 0:35 hours
Hyper-V role detected

CPU: total 8 (initial active 8) (4 cores per cpu, 2 threads per core) family 6 model 140 stepping 1 microcode 0x86, cx8, cmov, fxsr, ht, mmx, 3dnowpref, sse, sse2, sse3, ssse3, sse4.1, sse4.2, popcnt, lzcnt, tsc, tscinvbit, avx, avx2, aes, erms, clmul, bmi1, bmi2, adx, avx512f, avx512dq, avx512cd, avx512bw, avx512vl, sha, fma, vzeroupper, avx512_vpopcntdq, avx512_vpclmulqdq, avx512_vaes, avx512_vnni, clflush, clflushopt, clwb, avx512_vbmi2, avx512_vbmi, hv
Processor Information for all 8 processors :
  Max Mhz: 2419, Current Mhz: 2419, Mhz Limit: 2419

Memory: 4k page, system-wide physical 7975M (724M free)
TotalPageFile size 32551M (AvailPageFile size 1M)
current process WorkingSet (physical memory assigned to process): 68M, peak: 68M
current process commit charge ("private bytes"): 220M, peak: 221M

vm_info: OpenJDK 64-Bit Server VM (17.0.10+1-b1087.17) for windows-amd64 JRE (17.0.10+1-b1087.17), built on 2024-01-19 by "builduser" with MS VC++ 16.10 / 16.11 (VS2019)

END.
